<?xml version="1.0" encoding="UTF-8"?>
<testng-results ignored="0" total="1" passed="1" failed="0" skipped="0">
  <reporter-output>
  </reporter-output>
  <suite started-at="2024-06-28T07:28:12 IST" name="Suite" finished-at="2024-06-28T07:28:36 IST" duration-ms="24246">
    <groups>
    </groups>
    <test started-at="2024-06-28T07:28:12 IST" name="Test" finished-at="2024-06-28T07:28:36 IST" duration-ms="24246">
      <class name="TestCases.QaLegend_TestCases">
        <test-method is-config="true" signature="intialization()[pri:0, instance:TestCases.QaLegend_TestCases@51c668e3]" started-at="2024-06-28T07:28:12 IST" name="intialization" finished-at="2024-06-28T07:28:25 IST" duration-ms="13132" status="PASS">
          <reporter-output>
          </reporter-output>
        </test-method> <!-- intialization -->
        <test-method signature="addEditNotes()[pri:0, instance:TestCases.QaLegend_TestCases@51c668e3]" started-at="2024-06-28T07:28:25 IST" name="addEditNotes" finished-at="2024-06-28T07:28:36 IST" duration-ms="10777" status="PASS">
          <reporter-output>
          </reporter-output>
        </test-method> <!-- addEditNotes -->
      </class> <!-- TestCases.QaLegend_TestCases -->
    </test> <!-- Test -->
  </suite> <!-- Suite -->
</testng-results>
