<?xml version="1.0" encoding="UTF-8"?>
<!-- Generated by org.testng.reporters.JUnitXMLReporter -->
<testsuite ignored="15" hostname="DESKTOP-6VFFB5C" failures="0" tests="2" name="Test" time="29.275" errors="0" timestamp="2024-07-09T07:02:35 IST">
  <testcase classname="TestCases.QaLegend_TestCases" name="assignLeave" time="6.711"/>
  <testcase classname="TestCases.QaLegend_TestCases" name="addTimeToTimeCard" time="10.116"/>
  <testcase classname="TestCases.QaLegend_TestCases" name="loginToQaLegendApp" time="0.0">
    <ignored/>
  </testcase> <!-- loginToQaLegendApp -->
  <testcase classname="TestCases.QaLegend_TestCases" name="assignLeaveAndApprove" time="0.0">
    <ignored/>
  </testcase> <!-- assignLeaveAndApprove -->
  <testcase classname="TestCases.QaLegend_TestCases" name="addAnEstimate" time="0.0">
    <ignored/>
  </testcase> <!-- addAnEstimate -->
  <testcase classname="TestCases.QaLegend_TestCases" name="addAllProject" time="0.0">
    <ignored/>
  </testcase> <!-- addAllProject -->
  <testcase classname="TestCases.QaLegend_TestCases" name="addAndDeleteAnItem" time="0.0">
    <ignored/>
  </testcase> <!-- addAndDeleteAnItem -->
  <testcase classname="TestCases.QaLegend_TestCases" name="addATicketAndUpdateStatus" time="0.0">
    <ignored/>
  </testcase> <!-- addATicketAndUpdateStatus -->
  <testcase classname="TestCases.QaLegend_TestCases" name="clientCreation" time="0.0">
    <ignored/>
  </testcase> <!-- clientCreation -->
  <testcase classname="TestCases.QaLegend_TestCases" name="forgotPasswordVerification" time="0.0">
    <ignored/>
  </testcase> <!-- forgotPasswordVerification -->
  <testcase classname="TestCases.QaLegend_TestCases" name="addInvoiceAndMakefullPayment" time="0.0">
    <ignored/>
  </testcase> <!-- addInvoiceAndMakefullPayment -->
  <testcase classname="TestCases.QaLegend_TestCases" name="signOut" time="0.0">
    <ignored/>
  </testcase> <!-- signOut -->
  <testcase classname="TestCases.QaLegend_TestCases" name="sendAMessage" time="0.0">
    <ignored/>
  </testcase> <!-- sendAMessage -->
  <testcase classname="TestCases.QaLegend_TestCases" name="addATeamMember" time="0.0">
    <ignored/>
  </testcase> <!-- addATeamMember -->
  <testcase classname="TestCases.QaLegend_TestCases" name="searchForPaymentAndDownloadInvoice" time="0.0">
    <ignored/>
  </testcase> <!-- searchForPaymentAndDownloadInvoice -->
  <testcase classname="TestCases.QaLegend_TestCases" name="addEvents" time="0.0">
    <ignored/>
  </testcase> <!-- addEvents -->
  <testcase classname="TestCases.QaLegend_TestCases" name="addEditNotes" time="0.0">
    <ignored/>
  </testcase> <!-- addEditNotes -->
</testsuite> <!-- Test -->
