<?xml version="1.0" encoding="UTF-8"?>
<!-- Generated by org.testng.reporters.JUnitXMLReporter -->
<testsuite ignored="0" hostname="DESKTOP-6VFFB5C" failures="0" tests="3" name="Test" time="28.266" errors="0" timestamp="2024-06-24T20:25:01 IST">
  <testcase classname="TestCases.QaLegend_TestCases" name="addEditNotes" time="3.581"/>
  <testcase classname="TestCases.QaLegend_TestCases" name="forgotPasswordVerification" time="1.528"/>
  <testcase classname="TestCases.QaLegend_TestCases" name="loginToQaLegendApp" time="1.91"/>
</testsuite> <!-- Test -->
